Copyright 1986-2017 Xilinx, Inc. All Rights Reserved.
------------------------------------------------------------------------------------
| Tool Version : Vivado v.2017.2 (win64) Build 1909853 Thu Jun 15 18:39:09 MDT 2017
| Date         : Fri Mar 16 18:01:59 2018
| Host         : LAPTOP-Q3S99CLO running 64-bit major release  (build 9200)
| Command      : upgrade_ip
| Device       : xc7z010clg400-1
------------------------------------------------------------------------------------

Upgrade Log for IP 'BLOKKER_myip_PWM_0_0'

1. Summary
----------

SUCCESS in the upgrade of BLOKKER_myip_PWM_0_0 (xilinx.com:user:myip_PWM:1.0) from (Rev. 3) to (Rev. 4)






Copyright 1986-2017 Xilinx, Inc. All Rights Reserved.
------------------------------------------------------------------------------------
| Tool Version : Vivado v.2017.2 (win64) Build 1909853 Thu Jun 15 18:39:09 MDT 2017
| Date         : Fri Mar 16 15:59:26 2018
| Host         : LAPTOP-Q3S99CLO running 64-bit major release  (build 9200)
| Command      : upgrade_ip
| Device       : xc7z010clg400-1
------------------------------------------------------------------------------------

Upgrade Log for IP 'BLOKKER_myip_PWM_0_0'

1. Summary
----------

CAUTION (success, with warnings) in the upgrade of BLOKKER_myip_PWM_0_0 (xilinx.com:user:myip_PWM:1.0) from (Rev. 1) to (Rev. 3)

After upgrade, an IP may have parameter and port differences compared to the original customization. Please review the parameters within the IP customization GUI to ensure proper functionality. Also, please review the updated IP instantiation template to ensure proper connectivity, and update your design if required.

2. Interface Information
------------------------

Detected external interface differences while upgrading 'BLOKKER_myip_PWM_0_0'.


-Upgrade has added interface 's00_axi_aclk' (xilinx.com:signal:clock:1.0)

-Upgrade has added interface 's00_axi_aresetn' (xilinx.com:signal:reset:1.0)


3. Connection Warnings
----------------------

Detected external port differences while upgrading 'BLOKKER_myip_PWM_0_0'. These changes may impact your design.


-Upgrade has added port 'ADC_TRIG'

-Upgrade has added port 'PWM'


